mode: set
github.com/bitbored/crypto/ssh/terminal/terminal.go:101.60,111.2 1 1
github.com/bitbored/crypto/ssh/terminal/terminal.go:140.60,141.17 1 1
github.com/bitbored/crypto/ssh/terminal/terminal.go:145.2,145.18 1 1
github.com/bitbored/crypto/ssh/terminal/terminal.go:162.2,162.23 1 1
github.com/bitbored/crypto/ssh/terminal/terminal.go:170.2,170.69 1 1
github.com/bitbored/crypto/ssh/terminal/terminal.go:187.2,187.114 1 1
github.com/bitbored/crypto/ssh/terminal/terminal.go:196.2,196.67 1 1
github.com/bitbored/crypto/ssh/terminal/terminal.go:200.2,200.64 1 1
github.com/bitbored/crypto/ssh/terminal/terminal.go:208.2,208.26 1 1
github.com/bitbored/crypto/ssh/terminal/terminal.go:214.2,214.26 1 1
github.com/bitbored/crypto/ssh/terminal/terminal.go:141.17,143.3 1 1
github.com/bitbored/crypto/ssh/terminal/terminal.go:145.18,146.15 1 1
github.com/bitbored/crypto/ssh/terminal/terminal.go:147.3,148.25 1 1
github.com/bitbored/crypto/ssh/terminal/terminal.go:149.3,150.24 1 1
github.com/bitbored/crypto/ssh/terminal/terminal.go:151.3,152.30 1 0
github.com/bitbored/crypto/ssh/terminal/terminal.go:153.3,154.31 1 1
github.com/bitbored/crypto/ssh/terminal/terminal.go:155.3,156.32 1 0
github.com/bitbored/crypto/ssh/terminal/terminal.go:157.3,158.31 1 1
github.com/bitbored/crypto/ssh/terminal/terminal.go:162.23,163.24 1 1
github.com/bitbored/crypto/ssh/terminal/terminal.go:166.3,167.18 2 1
github.com/bitbored/crypto/ssh/terminal/terminal.go:163.24,165.4 1 1
github.com/bitbored/crypto/ssh/terminal/terminal.go:170.69,171.15 1 1
github.com/bitbored/crypto/ssh/terminal/terminal.go:172.3,173.23 1 1
github.com/bitbored/crypto/ssh/terminal/terminal.go:174.3,175.25 1 1
github.com/bitbored/crypto/ssh/terminal/terminal.go:176.3,177.26 1 1
github.com/bitbored/crypto/ssh/terminal/terminal.go:178.3,179.25 1 1
github.com/bitbored/crypto/ssh/terminal/terminal.go:180.3,181.25 1 0
github.com/bitbored/crypto/ssh/terminal/terminal.go:182.3,183.24 1 0
github.com/bitbored/crypto/ssh/terminal/terminal.go:187.114,188.15 1 0
github.com/bitbored/crypto/ssh/terminal/terminal.go:189.3,190.29 1 0
github.com/bitbored/crypto/ssh/terminal/terminal.go:191.3,192.28 1 0
github.com/bitbored/crypto/ssh/terminal/terminal.go:196.67,198.3 1 1
github.com/bitbored/crypto/ssh/terminal/terminal.go:200.64,202.3 1 1
github.com/bitbored/crypto/ssh/terminal/terminal.go:208.26,209.63 1 1
github.com/bitbored/crypto/ssh/terminal/terminal.go:209.63,211.4 1 0
github.com/bitbored/crypto/ssh/terminal/terminal.go:218.39,220.2 1 1
github.com/bitbored/crypto/ssh/terminal/terminal.go:225.33,228.2 2 1
github.com/bitbored/crypto/ssh/terminal/terminal.go:232.45,233.13 1 1
github.com/bitbored/crypto/ssh/terminal/terminal.go:237.2,242.19 5 1
github.com/bitbored/crypto/ssh/terminal/terminal.go:246.2,247.19 2 1
github.com/bitbored/crypto/ssh/terminal/terminal.go:251.2,252.19 2 1
github.com/bitbored/crypto/ssh/terminal/terminal.go:256.2,257.19 2 1
github.com/bitbored/crypto/ssh/terminal/terminal.go:261.2,263.31 3 1
github.com/bitbored/crypto/ssh/terminal/terminal.go:233.13,235.3 1 1
github.com/bitbored/crypto/ssh/terminal/terminal.go:242.19,244.3 1 0
github.com/bitbored/crypto/ssh/terminal/terminal.go:247.19,249.3 1 0
github.com/bitbored/crypto/ssh/terminal/terminal.go:252.19,254.3 1 1
github.com/bitbored/crypto/ssh/terminal/terminal.go:257.19,259.3 1 1
github.com/bitbored/crypto/ssh/terminal/terminal.go:266.52,269.26 3 1
github.com/bitbored/crypto/ssh/terminal/terminal.go:275.2,275.28 1 1
github.com/bitbored/crypto/ssh/terminal/terminal.go:281.2,281.28 1 1
github.com/bitbored/crypto/ssh/terminal/terminal.go:287.2,287.29 1 1
github.com/bitbored/crypto/ssh/terminal/terminal.go:294.2,294.19 1 1
github.com/bitbored/crypto/ssh/terminal/terminal.go:269.26,274.3 4 0
github.com/bitbored/crypto/ssh/terminal/terminal.go:275.28,280.3 4 0
github.com/bitbored/crypto/ssh/terminal/terminal.go:281.28,286.3 4 1
github.com/bitbored/crypto/ssh/terminal/terminal.go:287.29,292.3 4 1
github.com/bitbored/crypto/ssh/terminal/terminal.go:297.39,300.2 2 0
github.com/bitbored/crypto/ssh/terminal/terminal.go:304.56,305.12 1 1
github.com/bitbored/crypto/ssh/terminal/terminal.go:313.2,314.16 2 1
github.com/bitbored/crypto/ssh/terminal/terminal.go:305.12,308.47 3 1
github.com/bitbored/crypto/ssh/terminal/terminal.go:311.3,311.28 1 1
github.com/bitbored/crypto/ssh/terminal/terminal.go:308.47,310.4 1 1
github.com/bitbored/crypto/ssh/terminal/terminal.go:317.46,320.27 3 1
github.com/bitbored/crypto/ssh/terminal/terminal.go:323.2,325.34 2 1
github.com/bitbored/crypto/ssh/terminal/terminal.go:320.27,322.3 1 0
github.com/bitbored/crypto/ssh/terminal/terminal.go:325.34,337.3 1 0
github.com/bitbored/crypto/ssh/terminal/terminal.go:340.47,341.12 1 1
github.com/bitbored/crypto/ssh/terminal/terminal.go:345.2,345.15 1 1
github.com/bitbored/crypto/ssh/terminal/terminal.go:348.2,353.12 5 1
github.com/bitbored/crypto/ssh/terminal/terminal.go:341.12,343.3 1 1
github.com/bitbored/crypto/ssh/terminal/terminal.go:345.15,347.3 1 0
github.com/bitbored/crypto/ssh/terminal/terminal.go:353.12,355.26 2 1
github.com/bitbored/crypto/ssh/terminal/terminal.go:358.3,359.27 2 1
github.com/bitbored/crypto/ssh/terminal/terminal.go:355.26,357.4 1 1
github.com/bitbored/crypto/ssh/terminal/terminal.go:365.42,366.16 1 1
github.com/bitbored/crypto/ssh/terminal/terminal.go:370.2,371.14 2 1
github.com/bitbored/crypto/ssh/terminal/terminal.go:377.2,377.14 1 1
github.com/bitbored/crypto/ssh/terminal/terminal.go:385.2,385.20 1 1
github.com/bitbored/crypto/ssh/terminal/terminal.go:366.16,368.3 1 1
github.com/bitbored/crypto/ssh/terminal/terminal.go:371.14,372.25 1 1
github.com/bitbored/crypto/ssh/terminal/terminal.go:375.3,375.8 1 1
github.com/bitbored/crypto/ssh/terminal/terminal.go:372.25,373.9 1 1
github.com/bitbored/crypto/ssh/terminal/terminal.go:377.14,378.25 1 1
github.com/bitbored/crypto/ssh/terminal/terminal.go:382.3,382.8 1 1
github.com/bitbored/crypto/ssh/terminal/terminal.go:378.25,380.9 2 1
github.com/bitbored/crypto/ssh/terminal/terminal.go:390.43,392.24 2 0
github.com/bitbored/crypto/ssh/terminal/terminal.go:398.2,398.24 1 0
github.com/bitbored/crypto/ssh/terminal/terminal.go:404.2,404.20 1 0
github.com/bitbored/crypto/ssh/terminal/terminal.go:392.24,393.25 1 0
github.com/bitbored/crypto/ssh/terminal/terminal.go:396.3,396.8 1 0
github.com/bitbored/crypto/ssh/terminal/terminal.go:393.25,394.9 1 0
github.com/bitbored/crypto/ssh/terminal/terminal.go:398.24,399.25 1 0
github.com/bitbored/crypto/ssh/terminal/terminal.go:402.3,402.8 1 0
github.com/bitbored/crypto/ssh/terminal/terminal.go:399.25,400.9 1 0
github.com/bitbored/crypto/ssh/terminal/terminal.go:408.37,412.26 3 1
github.com/bitbored/crypto/ssh/terminal/terminal.go:425.2,425.15 1 1
github.com/bitbored/crypto/ssh/terminal/terminal.go:412.26,413.10 1 1
github.com/bitbored/crypto/ssh/terminal/terminal.go:414.3,415.56 1 0
github.com/bitbored/crypto/ssh/terminal/terminal.go:418.3,419.22 1 0
github.com/bitbored/crypto/ssh/terminal/terminal.go:420.3,421.12 1 1
github.com/bitbored/crypto/ssh/terminal/terminal.go:415.56,417.5 1 0
github.com/bitbored/crypto/ssh/terminal/terminal.go:430.63,431.38 1 1
github.com/bitbored/crypto/ssh/terminal/terminal.go:436.2,436.13 1 1
github.com/bitbored/crypto/ssh/terminal/terminal.go:562.2,562.8 1 1
github.com/bitbored/crypto/ssh/terminal/terminal.go:431.38,434.3 2 1
github.com/bitbored/crypto/ssh/terminal/terminal.go:437.2,438.17 1 1
github.com/bitbored/crypto/ssh/terminal/terminal.go:441.3,441.27 1 1
github.com/bitbored/crypto/ssh/terminal/terminal.go:442.2,445.27 2 0
github.com/bitbored/crypto/ssh/terminal/terminal.go:446.2,449.27 2 0
github.com/bitbored/crypto/ssh/terminal/terminal.go:450.2,451.17 1 1
github.com/bitbored/crypto/ssh/terminal/terminal.go:454.3,455.27 2 1
github.com/bitbored/crypto/ssh/terminal/terminal.go:456.2,457.27 1 1
github.com/bitbored/crypto/ssh/terminal/terminal.go:460.3,461.27 2 0
github.com/bitbored/crypto/ssh/terminal/terminal.go:462.2,463.17 1 1
github.com/bitbored/crypto/ssh/terminal/terminal.go:466.3,467.27 2 1
github.com/bitbored/crypto/ssh/terminal/terminal.go:468.2,469.27 1 1
github.com/bitbored/crypto/ssh/terminal/terminal.go:472.3,473.27 2 1
github.com/bitbored/crypto/ssh/terminal/terminal.go:474.2,476.10 2 1
github.com/bitbored/crypto/ssh/terminal/terminal.go:479.3,479.27 1 1
github.com/bitbored/crypto/ssh/terminal/terminal.go:482.3,484.31 3 1
github.com/bitbored/crypto/ssh/terminal/terminal.go:485.2,486.25 1 1
github.com/bitbored/crypto/ssh/terminal/terminal.go:501.2,510.16 9 1
github.com/bitbored/crypto/ssh/terminal/terminal.go:511.2,513.45 1 1
github.com/bitbored/crypto/ssh/terminal/terminal.go:514.2,517.40 1 1
github.com/bitbored/crypto/ssh/terminal/terminal.go:521.3,522.27 2 1
github.com/bitbored/crypto/ssh/terminal/terminal.go:523.2,527.26 1 1
github.com/bitbored/crypto/ssh/terminal/terminal.go:531.2,532.31 1 1
github.com/bitbored/crypto/ssh/terminal/terminal.go:533.2,539.27 5 0
github.com/bitbored/crypto/ssh/terminal/terminal.go:540.2,541.36 1 1
github.com/bitbored/crypto/ssh/terminal/terminal.go:554.3,554.24 1 1
github.com/bitbored/crypto/ssh/terminal/terminal.go:557.3,557.35 1 1
github.com/bitbored/crypto/ssh/terminal/terminal.go:560.3,560.22 1 1
github.com/bitbored/crypto/ssh/terminal/terminal.go:438.17,440.4 1 0
github.com/bitbored/crypto/ssh/terminal/terminal.go:451.17,453.4 1 0
github.com/bitbored/crypto/ssh/terminal/terminal.go:457.27,459.4 1 1
github.com/bitbored/crypto/ssh/terminal/terminal.go:463.17,465.4 1 0
github.com/bitbored/crypto/ssh/terminal/terminal.go:469.27,471.4 1 0
github.com/bitbored/crypto/ssh/terminal/terminal.go:476.10,478.4 1 1
github.com/bitbored/crypto/ssh/terminal/terminal.go:479.27,481.4 1 1
github.com/bitbored/crypto/ssh/terminal/terminal.go:487.3,488.10 1 1
github.com/bitbored/crypto/ssh/terminal/terminal.go:489.3,492.20 3 1
github.com/bitbored/crypto/ssh/terminal/terminal.go:493.3,495.10 2 0
github.com/bitbored/crypto/ssh/terminal/terminal.go:495.10,499.5 3 0
github.com/bitbored/crypto/ssh/terminal/terminal.go:517.40,520.4 2 1
github.com/bitbored/crypto/ssh/terminal/terminal.go:527.26,530.4 2 1
github.com/bitbored/crypto/ssh/terminal/terminal.go:541.36,549.18 6 0
github.com/bitbored/crypto/ssh/terminal/terminal.go:549.18,552.5 2 0
github.com/bitbored/crypto/ssh/terminal/terminal.go:554.24,556.4 1 0
github.com/bitbored/crypto/ssh/terminal/terminal.go:557.35,559.4 1 0
github.com/bitbored/crypto/ssh/terminal/terminal.go:567.43,568.32 1 1
github.com/bitbored/crypto/ssh/terminal/terminal.go:573.2,576.12 4 1
github.com/bitbored/crypto/ssh/terminal/terminal.go:579.2,580.26 2 1
github.com/bitbored/crypto/ssh/terminal/terminal.go:568.32,572.3 3 1
github.com/bitbored/crypto/ssh/terminal/terminal.go:576.12,578.3 1 1
github.com/bitbored/crypto/ssh/terminal/terminal.go:583.43,584.21 1 1
github.com/bitbored/crypto/ssh/terminal/terminal.go:584.21,587.29 3 1
github.com/bitbored/crypto/ssh/terminal/terminal.go:590.3,592.21 3 1
github.com/bitbored/crypto/ssh/terminal/terminal.go:587.29,589.4 1 0
github.com/bitbored/crypto/ssh/terminal/terminal.go:596.57,600.38 3 0
github.com/bitbored/crypto/ssh/terminal/terminal.go:608.2,612.20 4 0
github.com/bitbored/crypto/ssh/terminal/terminal.go:618.2,618.46 1 0
github.com/bitbored/crypto/ssh/terminal/terminal.go:621.2,623.41 2 0
github.com/bitbored/crypto/ssh/terminal/terminal.go:627.2,628.12 2 0
github.com/bitbored/crypto/ssh/terminal/terminal.go:632.2,634.46 2 0
github.com/bitbored/crypto/ssh/terminal/terminal.go:637.2,638.8 2 0
github.com/bitbored/crypto/ssh/terminal/terminal.go:600.38,604.3 1 0
github.com/bitbored/crypto/ssh/terminal/terminal.go:612.20,616.3 3 0
github.com/bitbored/crypto/ssh/terminal/terminal.go:618.46,620.3 1 0
github.com/bitbored/crypto/ssh/terminal/terminal.go:623.41,625.3 1 0
github.com/bitbored/crypto/ssh/terminal/terminal.go:628.12,630.3 1 0
github.com/bitbored/crypto/ssh/terminal/terminal.go:634.46,636.3 1 0
github.com/bitbored/crypto/ssh/terminal/terminal.go:643.73,657.2 9 1
github.com/bitbored/crypto/ssh/terminal/terminal.go:660.56,665.2 3 1
github.com/bitbored/crypto/ssh/terminal/terminal.go:667.56,670.38 1 1
github.com/bitbored/crypto/ssh/terminal/terminal.go:676.2,678.6 2 1
github.com/bitbored/crypto/ssh/terminal/terminal.go:744.2,744.22 1 0
github.com/bitbored/crypto/ssh/terminal/terminal.go:670.38,674.3 3 1
github.com/bitbored/crypto/ssh/terminal/terminal.go:678.6,681.15 3 1
github.com/bitbored/crypto/ssh/terminal/terminal.go:709.3,709.20 1 1
github.com/bitbored/crypto/ssh/terminal/terminal.go:715.3,717.13 3 1
github.com/bitbored/crypto/ssh/terminal/terminal.go:730.3,737.17 6 1
github.com/bitbored/crypto/ssh/terminal/terminal.go:741.3,741.45 1 1
github.com/bitbored/crypto/ssh/terminal/terminal.go:681.15,684.29 3 1
github.com/bitbored/crypto/ssh/terminal/terminal.go:687.4,687.22 1 1
github.com/bitbored/crypto/ssh/terminal/terminal.go:704.4,704.22 1 1
github.com/bitbored/crypto/ssh/terminal/terminal.go:707.4,707.35 1 1
github.com/bitbored/crypto/ssh/terminal/terminal.go:684.29,685.10 1 1
github.com/bitbored/crypto/ssh/terminal/terminal.go:687.22,688.24 1 1
github.com/bitbored/crypto/ssh/terminal/terminal.go:693.5,693.29 1 1
github.com/bitbored/crypto/ssh/terminal/terminal.go:688.24,689.26 1 1
github.com/bitbored/crypto/ssh/terminal/terminal.go:689.26,691.7 1 0
github.com/bitbored/crypto/ssh/terminal/terminal.go:693.29,695.26 2 1
github.com/bitbored/crypto/ssh/terminal/terminal.go:698.6,698.14 1 1
github.com/bitbored/crypto/ssh/terminal/terminal.go:695.26,697.7 1 1
github.com/bitbored/crypto/ssh/terminal/terminal.go:700.5,700.33 1 1
github.com/bitbored/crypto/ssh/terminal/terminal.go:700.33,702.13 2 1
github.com/bitbored/crypto/ssh/terminal/terminal.go:704.22,706.5 1 1
github.com/bitbored/crypto/ssh/terminal/terminal.go:709.20,712.4 2 1
github.com/bitbored/crypto/ssh/terminal/terminal.go:712.4,714.4 1 1
github.com/bitbored/crypto/ssh/terminal/terminal.go:717.13,718.14 1 1
github.com/bitbored/crypto/ssh/terminal/terminal.go:722.4,722.20 1 1
github.com/bitbored/crypto/ssh/terminal/terminal.go:725.4,725.10 1 1
github.com/bitbored/crypto/ssh/terminal/terminal.go:718.14,721.5 2 1
github.com/bitbored/crypto/ssh/terminal/terminal.go:722.20,724.5 1 1
github.com/bitbored/crypto/ssh/terminal/terminal.go:737.17,739.4 1 1
github.com/bitbored/crypto/ssh/terminal/terminal.go:748.45,753.2 3 0
github.com/bitbored/crypto/ssh/terminal/terminal.go:755.71,760.31 4 0
github.com/bitbored/crypto/ssh/terminal/terminal.go:767.2,773.26 6 0
github.com/bitbored/crypto/ssh/terminal/terminal.go:760.31,765.3 3 0
github.com/bitbored/crypto/ssh/terminal/terminal.go:776.53,780.16 3 1
github.com/bitbored/crypto/ssh/terminal/terminal.go:784.2,787.9 3 1
github.com/bitbored/crypto/ssh/terminal/terminal.go:824.2,826.12 3 0
github.com/bitbored/crypto/ssh/terminal/terminal.go:780.16,782.3 1 0
github.com/bitbored/crypto/ssh/terminal/terminal.go:788.2,791.13 1 1
github.com/bitbored/crypto/ssh/terminal/terminal.go:792.2,795.13 1 1
github.com/bitbored/crypto/ssh/terminal/terminal.go:796.2,808.31 1 0
github.com/bitbored/crypto/ssh/terminal/terminal.go:811.3,812.52 2 0
github.com/bitbored/crypto/ssh/terminal/terminal.go:813.2,821.48 1 0
github.com/bitbored/crypto/ssh/terminal/terminal.go:808.31,810.4 1 0
github.com/bitbored/crypto/ssh/terminal/terminal.go:831.43,833.2 1 0
github.com/bitbored/crypto/ssh/terminal/terminal.go:846.51,847.8 1 0
github.com/bitbored/crypto/ssh/terminal/terminal.go:847.8,849.3 1 0
github.com/bitbored/crypto/ssh/terminal/terminal.go:849.3,851.3 1 0
github.com/bitbored/crypto/ssh/terminal/terminal.go:865.38,866.22 1 1
github.com/bitbored/crypto/ssh/terminal/terminal.go:872.2,874.20 3 1
github.com/bitbored/crypto/ssh/terminal/terminal.go:866.22,870.3 3 1
github.com/bitbored/crypto/ssh/terminal/terminal.go:874.20,876.3 1 1
github.com/bitbored/crypto/ssh/terminal/terminal.go:883.72,884.17 1 1
github.com/bitbored/crypto/ssh/terminal/terminal.go:887.2,888.15 2 1
github.com/bitbored/crypto/ssh/terminal/terminal.go:891.2,891.31 1 1
github.com/bitbored/crypto/ssh/terminal/terminal.go:884.17,886.3 1 1
github.com/bitbored/crypto/ssh/terminal/terminal.go:888.15,890.3 1 0
github.com/bitbored/crypto/ssh/terminal/util.go:31.30,35.2 3 0
github.com/bitbored/crypto/ssh/terminal/util.go:40.38,42.148 2 0
github.com/bitbored/crypto/ssh/terminal/util.go:46.2,49.141 4 0
github.com/bitbored/crypto/ssh/terminal/util.go:53.2,53.23 1 0
github.com/bitbored/crypto/ssh/terminal/util.go:42.148,44.3 1 0
github.com/bitbored/crypto/ssh/terminal/util.go:49.141,51.3 1 0
github.com/bitbored/crypto/ssh/terminal/util.go:58.39,60.148 2 0
github.com/bitbored/crypto/ssh/terminal/util.go:64.2,64.23 1 0
github.com/bitbored/crypto/ssh/terminal/util.go:60.148,62.3 1 0
github.com/bitbored/crypto/ssh/terminal/util.go:69.42,72.2 2 0
github.com/bitbored/crypto/ssh/terminal/util.go:75.53,78.153 2 0
github.com/bitbored/crypto/ssh/terminal/util.go:81.2,81.52 1 0
github.com/bitbored/crypto/ssh/terminal/util.go:78.153,80.3 1 0
github.com/bitbored/crypto/ssh/terminal/util.go:87.43,89.140 2 0
github.com/bitbored/crypto/ssh/terminal/util.go:93.2,97.141 5 0
github.com/bitbored/crypto/ssh/terminal/util.go:101.2,101.15 1 0
github.com/bitbored/crypto/ssh/terminal/util.go:105.2,107.6 3 0
github.com/bitbored/crypto/ssh/terminal/util.go:127.2,127.17 1 0
github.com/bitbored/crypto/ssh/terminal/util.go:89.140,91.3 1 0
github.com/bitbored/crypto/ssh/terminal/util.go:97.141,99.3 1 0
github.com/bitbored/crypto/ssh/terminal/util.go:101.15,103.3 1 0
github.com/bitbored/crypto/ssh/terminal/util.go:107.6,109.17 2 0
github.com/bitbored/crypto/ssh/terminal/util.go:112.3,112.13 1 0
github.com/bitbored/crypto/ssh/terminal/util.go:118.3,118.23 1 0
github.com/bitbored/crypto/ssh/terminal/util.go:121.3,122.19 2 0
github.com/bitbored/crypto/ssh/terminal/util.go:109.17,111.4 1 0
github.com/bitbored/crypto/ssh/terminal/util.go:112.13,113.21 1 0
github.com/bitbored/crypto/ssh/terminal/util.go:116.4,116.9 1 0
github.com/bitbored/crypto/ssh/terminal/util.go:113.21,115.5 1 0
github.com/bitbored/crypto/ssh/terminal/util.go:118.23,120.4 1 0
github.com/bitbored/crypto/ssh/terminal/util.go:122.19,123.9 1 0
